2025-03-25 01:32:03,486 - INFO - Using GPU 0: Tesla V100-PCIE-32GB
2025-03-25 01:32:03,486 - INFO - Loading diarization model...
2025-03-25 01:32:04,800 - INFO - Applied quirks (see `speechbrain.utils.quirks`): [disable_jit_profiling, allow_tf32]
2025-03-25 01:32:04,800 - INFO - Excluded quirks specified by the `SB_DISABLE_QUIRKS` environment (comma-separated list): []
2025-03-25 01:32:13,369 - INFO - Starting diarization at 2025-03-25 01:32:13.369766
2025-03-25 01:32:13,370 - INFO - Found 19 audio files to process
2025-03-25 01:32:13,370 - INFO - Processing 10 Phần tranh biện cực ＂gắt＂ thu hút hàng triệu lượt xem ｜ Trường Teen 2019 ｜ Trích đoạn tập 10 
2025-03-25 01:32:13,371 - INFO - Processing 11 Song ca khi ở nhà một mình vào ngày Giáng Sinh  ｜ Siêu tổng hợp： Home Alone ( 2 phần ) 
2025-03-25 01:32:13,372 - INFO - Processing 12 Ta có biết mình đang ăn gì mỗi ngày không？ ｜ Tiến sĩ Châu Ngọc Điệp ｜ Diễn Giả Phan Đăng 
2025-03-25 01:32:13,372 - INFO - Processing 13 Testing The World's Smartest Crow 
2025-03-25 01:33:50,588 - INFO - Completed 10 Phần tranh biện cực ＂gắt＂ thu hút hàng triệu lượt xem ｜ Trường Teen 2019 ｜ Trích đoạn tập 10 
2025-03-25 01:33:50,739 - INFO - Processing 14 Toàn bộ về Jojo trong hơn 3 tiếng ｜ Recap Xàm： Jojo 
2025-03-25 01:35:19,832 - INFO - Completed 11 Song ca khi ở nhà một mình vào ngày Giáng Sinh  ｜ Siêu tổng hợp： Home Alone ( 2 phần ) 
2025-03-25 01:35:19,843 - INFO - Processing 16 Tâm Sự Cùng Đinh Đoàn-Chị Gái U70 Qua Đêm Với Bạn Trai, Vô Tình Phát Hiện Bí Mật Đáng Ngờ 
2025-03-25 01:36:34,428 - INFO - Completed 13 Testing The World's Smartest Crow 
2025-03-25 01:36:34,451 - INFO - Processing 17 Tâm Sự Cùng Đinh Đoàn-Trái Ngang Cuộc Tình： Mẹ Và Con Gái Yêu Chung 1 Người 
2025-03-25 01:43:50,079 - INFO - Completed 16 Tâm Sự Cùng Đinh Đoàn-Chị Gái U70 Qua Đêm Với Bạn Trai, Vô Tình Phát Hiện Bí Mật Đáng Ngờ 
2025-03-25 01:43:50,094 - INFO - Processing 18 Từ newbie, tôi triệu hồi ra ＂ Hầu Gái ＂ mạnh nhất ｜ Fate⧸Stay Night： Unlimited Blade Works phần 1 
2025-03-25 01:43:53,156 - INFO - Completed 12 Ta có biết mình đang ăn gì mỗi ngày không？ ｜ Tiến sĩ Châu Ngọc Điệp ｜ Diễn Giả Phan Đăng 
2025-03-25 01:43:53,517 - INFO - Processing 19 Đừng quên đếm sĩ số lớp vào đầu năm học, nếu không thì ... ｜ Recap xàm： Another 
2025-03-25 01:49:07,810 - INFO - Completed 18 Từ newbie, tôi triệu hồi ra ＂ Hầu Gái ＂ mạnh nhất ｜ Fate⧸Stay Night： Unlimited Blade Works phần 1 
2025-03-25 01:49:07,824 - INFO - Processing 1 Can You Fool A Self Driving Car？ 
2025-03-25 01:50:07,002 - INFO - Completed 19 Đừng quên đếm sĩ số lớp vào đầu năm học, nếu không thì ... ｜ Recap xàm： Another 
2025-03-25 01:50:07,012 - INFO - Processing 2 Chủ nghĩa KHẮC KỶ và trào lưu CHILL GUY：Làm sao sống BÌNH THẢN nhưng không TRỐN CHẠY？｜Nguyễn Hữu Trí 
2025-03-25 01:51:12,381 - INFO - Completed 17 Tâm Sự Cùng Đinh Đoàn-Trái Ngang Cuộc Tình： Mẹ Và Con Gái Yêu Chung 1 Người 
2025-03-25 01:51:12,407 - INFO - Processing 3 Drama Lê Tuấn Khang tuần vừa qua thật điên rồ... (cả Dino sasuke nữa) 
2025-03-25 01:51:41,894 - INFO - Completed 1 Can You Fool A Self Driving Car？ 
2025-03-25 01:51:41,911 - INFO - Processing 4 GIẢNG VIÊN BỊ CHỈ TRÍCH VÌ CHẤM 0 ĐIỂM CHO BÀI THI A.I 
2025-03-25 01:52:21,900 - INFO - Completed 3 Drama Lê Tuấn Khang tuần vừa qua thật điên rồ... (cả Dino sasuke nữa) 
2025-03-25 01:52:21,935 - INFO - Processing 5 Game thủ thành nhưng TÔI LÀ PHE PHẢN DIỆN (Maze Keeper #1) 
2025-03-25 01:52:50,645 - INFO - Completed 4 GIẢNG VIÊN BỊ CHỈ TRÍCH VÌ CHẤM 0 ĐIỂM CHO BÀI THI A.I 
2025-03-25 01:52:50,654 - INFO - Processing 6 Giả lập quản lý team LMHT này CUỐN đến mức tôi đã chơi 10 NGÀY LIÊN TIẾP (Esport Godfather) 
2025-03-25 01:54:10,548 - INFO - Completed 2 Chủ nghĩa KHẮC KỶ và trào lưu CHILL GUY：Làm sao sống BÌNH THẢN nhưng không TRỐN CHẠY？｜Nguyễn Hữu Trí 
2025-03-25 01:54:10,559 - INFO - Processing 7 Nguyễn Thuỵ Đan： Người hiện đại mang âm hưởng cổ thi ｜ Diễn Giả Phan Đăng 
2025-03-25 02:03:51,905 - INFO - Completed 7 Nguyễn Thuỵ Đan： Người hiện đại mang âm hưởng cổ thi ｜ Diễn Giả Phan Đăng 
2025-03-25 02:03:51,917 - INFO - Processing 8 Ngôi trường dành cho các Conan： Recap xàm Danganronpa The Anime 
2025-03-25 02:04:26,016 - INFO - Completed 5 Game thủ thành nhưng TÔI LÀ PHE PHẢN DIỆN (Maze Keeper #1) 
2025-03-25 02:04:26,029 - INFO - Processing 9 Những Ván Game DÀI Nhất Thế Giới 
2025-03-25 02:07:10,037 - INFO - Completed 9 Những Ván Game DÀI Nhất Thế Giới 
2025-03-25 02:07:10,062 - INFO - Processing 15 TÓM TẮT ｜ TOÀN BỘ JOJO'S PART 7： STEEL BALL RUN - ĐUA NGỰA ẢO ĐÉT! 
2025-03-25 02:07:14,925 - INFO - Completed 6 Giả lập quản lý team LMHT này CUỐN đến mức tôi đã chơi 10 NGÀY LIÊN TIẾP (Esport Godfather) 
2025-03-25 02:07:50,287 - INFO - Completed 8 Ngôi trường dành cho các Conan： Recap xàm Danganronpa The Anime 
2025-03-25 02:49:36,582 - INFO - Completed 15 TÓM TẮT ｜ TOÀN BỘ JOJO'S PART 7： STEEL BALL RUN - ĐUA NGỰA ẢO ĐÉT! 
2025-03-25 02:52:45,394 - INFO - Completed 14 Toàn bộ về Jojo trong hơn 3 tiếng ｜ Recap Xàm： Jojo 
2025-03-25 02:52:45,414 - INFO - Completed in 1:20:32.044454
