2025-03-26 00:52:48,004 - INFO - Using GPU 0: Tesla V100-PCIE-32GB
2025-03-26 00:52:48,005 - INFO - Starting collision removal at 2025-03-26 00:52:48.005917
2025-03-26 00:52:48,006 - INFO - Found 19 diary files to process
2025-03-26 00:52:48,006 - INFO - 0 episodes already processed
2025-03-26 00:52:48,311 - INFO - Completed 1 Can You Fool A Self Driving Car？ .pkl
2025-03-26 00:52:48,339 - INFO - Completed 2 Chủ nghĩa KHẮC KỶ và trào lưu CHILL GUY：Làm sao sống BÌNH THẢN nhưng không TRỐN CHẠY？｜Nguyễn Hữu Trí .pkl
2025-03-26 00:52:48,355 - INFO - Completed 3 Drama Lê Tuấn Khang tuần vừa qua thật điên rồ... (cả Dino sasuke nữa) .pkl
2025-03-26 00:52:48,356 - INFO - Completed 4 GIẢNG VIÊN BỊ CHỈ TRÍCH VÌ CHẤM 0 ĐIỂM CHO BÀI THI A.I .pkl
2025-03-26 00:52:48,386 - INFO - Completed 5 Game thủ thành nhưng TÔI LÀ PHE PHẢN DIỆN (Maze Keeper #1) .pkl
2025-03-26 00:52:48,394 - INFO - Completed 6 Giả lập quản lý team LMHT này CUỐN đến mức tôi đã chơi 10 NGÀY LIÊN TIẾP (Esport Godfather) .pkl
2025-03-26 00:52:48,401 - INFO - Completed 7 Nguyễn Thuỵ Đan： Người hiện đại mang âm hưởng cổ thi ｜ Diễn Giả Phan Đăng .pkl
2025-03-26 00:52:48,401 - INFO - Completed 8 Ngôi trường dành cho các Conan： Recap xàm Danganronpa The Anime .pkl
2025-03-26 00:52:48,401 - INFO - Completed 9 Những Ván Game DÀI Nhất Thế Giới .pkl
2025-03-26 00:52:48,402 - INFO - Completed 10 Phần tranh biện cực ＂gắt＂ thu hút hàng triệu lượt xem ｜ Trường Teen 2019 ｜ Trích đoạn tập 10 .pkl
2025-03-26 00:52:48,402 - INFO - Completed 11 Song ca khi ở nhà một mình vào ngày Giáng Sinh  ｜ Siêu tổng hợp： Home Alone ( 2 phần ) .pkl
2025-03-26 00:52:48,408 - INFO - Completed 12 Ta có biết mình đang ăn gì mỗi ngày không？ ｜ Tiến sĩ Châu Ngọc Điệp ｜ Diễn Giả Phan Đăng .pkl
2025-03-26 00:52:48,408 - INFO - Completed 13 Testing The World's Smartest Crow .pkl
2025-03-26 00:52:48,409 - INFO - Completed 14 Toàn bộ về Jojo trong hơn 3 tiếng ｜ Recap Xàm： Jojo .pkl
2025-03-26 00:52:48,413 - INFO - Completed 15 TÓM TẮT ｜ TOÀN BỘ JOJO'S PART 7： STEEL BALL RUN - ĐUA NGỰA ẢO ĐÉT! .pkl
2025-03-26 00:52:48,416 - INFO - Completed 16 Tâm Sự Cùng Đinh Đoàn-Chị Gái U70 Qua Đêm Với Bạn Trai, Vô Tình Phát Hiện Bí Mật Đáng Ngờ .pkl
2025-03-26 00:52:48,422 - INFO - Completed 17 Tâm Sự Cùng Đinh Đoàn-Trái Ngang Cuộc Tình： Mẹ Và Con Gái Yêu Chung 1 Người .pkl
2025-03-26 00:52:48,423 - INFO - Completed 18 Từ newbie, tôi triệu hồi ra ＂ Hầu Gái ＂ mạnh nhất ｜ Fate⧸Stay Night： Unlimited Blade Works phần 1 .pkl
2025-03-26 00:52:48,425 - INFO - Completed 19 Đừng quên đếm sĩ số lớp vào đầu năm học, nếu không thì ... ｜ Recap xàm： Another .pkl
2025-03-26 00:52:48,426 - INFO - Completed in 0:00:00.420971
2025-03-26 01:19:25,218 - INFO - Using GPU 0: Tesla V100-PCIE-32GB
2025-03-26 01:19:25,219 - INFO - Starting collision removal at 2025-03-26 01:19:25.219635
2025-03-26 01:19:25,220 - INFO - Found 19 diary files to process
2025-03-26 01:19:25,220 - INFO - 19 episodes already processed
2025-03-26 01:19:25,225 - INFO - Completed in 0:00:00.005812
