2025-03-30 23:20:42,886 - main - INFO - ENV: CUDA_VISIBLE_DEVICES not set, use default setting
2025-03-30 23:20:42,917 - main - DEBUG - Torch CUDA: Detected 4 GPUs.
2025-03-30 23:20:42,993 - main - DEBUG -  * GPU 0: Tesla V100-PCIE-32GB
2025-03-30 23:20:42,993 - main - DEBUG -  * GPU 1: Tesla V100-PCIE-32GB
2025-03-30 23:20:42,993 - main - DEBUG -  * GPU 2: Tesla V100-PCIE-32GB
2025-03-30 23:20:42,993 - main - DEBUG -  * GPU 3: Tesla V100-SXM2-32GB
2025-03-30 23:20:42,998 - main - DEBUG - Torch: CUDNN version = 90100
2025-03-30 23:20:42,998 - main - DEBUG - Torch: CUDNN is available.
2025-03-30 23:20:42,999 - main - DEBUG - ORT: Available providers: ['AzureExecutionProvider', 'CPUExecutionProvider']
2025-03-30 23:20:42,999 - main - WARNING - ORT: CUDAExecutionProvider is not available. Please install a compatible version of ONNX Runtime. See https://onnxruntime.ai/docs/execution-providers/CUDA-ExecutionProvider.html
2025-03-30 23:20:44,502 - main - DEBUG - Entering the preprocessing of audio
2025-03-30 23:20:45,005 - main - DEBUG - Audio file converted to WAV format
2025-03-30 23:20:45,041 - main - INFO - Calculating the gain needed for the audio: -5.438793727847845 dB
2025-03-30 23:20:45,184 - main - DEBUG - waveform shape: (11873385,)
2025-03-30 23:20:45,185 - main - DEBUG - waveform in np ndarray, dtype=float32
2025-03-30 23:20:45,185 - main - INFO - Preprocessing completed in 2.18 seconds
2025-03-30 23:20:45,474 - main - DEBUG - Entering the preprocessing of audio
2025-03-30 23:20:46,015 - main - DEBUG - Audio file converted to WAV format
2025-03-30 23:20:46,055 - main - INFO - Calculating the gain needed for the audio: 8.083748426013049 dB
2025-03-30 23:20:46,189 - main - DEBUG - waveform shape: (12682833,)
2025-03-30 23:20:46,189 - main - DEBUG - waveform in np ndarray, dtype=float32
2025-03-30 23:20:46,189 - main - INFO - Preprocessing completed in 3.19 seconds
2025-03-30 23:20:48,205 - main - DEBUG - Entering the preprocessing of audio
2025-03-30 23:20:49,497 - main - DEBUG - Audio file converted to WAV format
2025-03-30 23:20:49,585 - main - INFO - Calculating the gain needed for the audio: -2.938601701130594 dB
2025-03-30 23:20:49,926 - main - DEBUG - waveform shape: (27204608,)
2025-03-30 23:20:49,926 - main - DEBUG - waveform in np ndarray, dtype=float32
2025-03-30 23:20:49,926 - main - INFO - Preprocessing completed in 6.93 seconds
2025-03-30 23:21:22,564 - main - DEBUG - Entering the preprocessing of audio
2025-03-30 23:21:36,118 - main - DEBUG - Audio file converted to WAV format
2025-03-30 23:21:37,131 - main - INFO - Calculating the gain needed for the audio: -2.228069594140159 dB
2025-03-30 23:21:55,154 - main - DEBUG - waveform shape: (287886664,)
2025-03-30 23:21:55,155 - main - DEBUG - waveform in np ndarray, dtype=float32
2025-03-30 23:21:55,155 - main - INFO - Preprocessing completed in 72.16 seconds
2025-03-30 23:21:55,246 - main - INFO - Batch 1 processed in 72.25 seconds
2025-03-30 23:21:55,246 - main - INFO - Loading diarization model...
2025-03-30 23:26:10,056 - main - INFO - Diarization model cleared from GPU memory
