2025-03-29 18:06:46,953 - main - INFO - ENV: CUDA_VISIBLE_DEVICES not set, use default setting
2025-03-29 18:06:49,654 - main - DEBUG - Torch CUDA: Detected 4 GPUs.
2025-03-29 18:06:49,664 - main - DEBUG -  * GPU 0: Tesla V100-PCIE-32GB
2025-03-29 18:06:49,664 - main - DEBUG -  * GPU 1: Tesla V100-PCIE-32GB
2025-03-29 18:06:49,664 - main - DEBUG -  * GPU 2: Tesla V100-PCIE-32GB
2025-03-29 18:06:49,664 - main - DEBUG -  * GPU 3: Tesla V100-SXM2-32GB
2025-03-29 18:06:49,669 - main - DEBUG - Torch: CUDNN version = 90100
2025-03-29 18:06:49,669 - main - DEBUG - Torch: CUDNN is available.
2025-03-29 18:06:49,670 - main - DEBUG - ORT: Available providers: ['AzureExecutionProvider', 'CPUExecutionProvider']
2025-03-29 18:06:49,670 - main - WARNING - ORT: CUDAExecutionProvider is not available. Please install a compatible version of ONNX Runtime. See https://onnxruntime.ai/docs/execution-providers/CUDA-ExecutionProvider.html
2025-03-29 18:06:52,075 - main - DEBUG - Entering the preprocessing of audio
2025-03-29 18:06:52,982 - main - DEBUG - Entering the preprocessing of audio
2025-03-29 18:06:52,991 - main - DEBUG - Audio file converted to WAV format
2025-03-29 18:06:53,639 - main - DEBUG - Audio file converted to WAV format
2025-03-29 18:06:53,706 - main - INFO - Calculating the gain needed for the audio: 8.083748426013049 dB
2025-03-29 18:06:53,706 - main - INFO - Calculating the gain needed for the audio: -5.438793727847845 dB
2025-03-29 18:06:54,608 - main - DEBUG - waveform shape: (11873385,)
2025-03-29 18:06:54,609 - main - DEBUG - waveform in np ndarray, dtype=float32
2025-03-29 18:06:54,609 - main - INFO - Preprocessing completed in 4.94 seconds
2025-03-29 18:06:54,915 - main - DEBUG - waveform shape: (12682833,)
2025-03-29 18:06:54,916 - main - DEBUG - waveform in np ndarray, dtype=float32
2025-03-29 18:06:54,916 - main - INFO - Preprocessing completed in 5.24 seconds
2025-03-29 18:06:57,421 - main - DEBUG - Entering the preprocessing of audio
2025-03-29 18:06:58,882 - main - DEBUG - Audio file converted to WAV format
2025-03-29 18:06:58,965 - main - INFO - Calculating the gain needed for the audio: -2.938601701130594 dB
2025-03-29 18:06:59,276 - main - DEBUG - waveform shape: (27204608,)
2025-03-29 18:06:59,276 - main - DEBUG - waveform in np ndarray, dtype=float32
2025-03-29 18:06:59,276 - main - INFO - Preprocessing completed in 9.60 seconds
2025-03-29 18:07:34,377 - main - DEBUG - Entering the preprocessing of audio
2025-03-29 18:07:51,594 - main - DEBUG - Audio file converted to WAV format
2025-03-29 18:07:52,555 - main - INFO - Calculating the gain needed for the audio: -2.228069594140159 dB
2025-03-29 18:08:19,459 - main - DEBUG - waveform shape: (287886664,)
2025-03-29 18:08:19,460 - main - DEBUG - waveform in np ndarray, dtype=float32
2025-03-29 18:08:19,460 - main - INFO - Preprocessing completed in 89.79 seconds
2025-03-29 18:08:19,607 - main - INFO - Batch 1 processed in 89.94 seconds
2025-03-29 18:08:25,304 - main - DEBUG - Entering the preprocessing of audio
2025-03-29 18:08:27,018 - main - DEBUG - Audio file converted to WAV format
2025-03-29 18:08:27,100 - main - INFO - Calculating the gain needed for the audio: -1.2980945229374754 dB
2025-03-29 18:08:31,649 - main - DEBUG - waveform shape: (24663215,)
2025-03-29 18:08:31,650 - main - DEBUG - waveform in np ndarray, dtype=float32
2025-03-29 18:08:31,651 - main - INFO - Preprocessing completed in 11.96 seconds
2025-03-29 18:08:33,807 - main - DEBUG - Entering the preprocessing of audio
2025-03-29 18:08:36,145 - main - DEBUG - Audio file converted to WAV format
2025-03-29 18:08:36,277 - main - INFO - Calculating the gain needed for the audio: 0.6087744076228958 dB
2025-03-29 18:08:36,882 - main - DEBUG - waveform shape: (37051246,)
2025-03-29 18:08:36,882 - main - DEBUG - waveform in np ndarray, dtype=float32
2025-03-29 18:08:36,883 - main - INFO - Preprocessing completed in 17.26 seconds
2025-03-29 18:08:42,404 - main - DEBUG - Entering the preprocessing of audio
2025-03-29 18:08:46,904 - main - DEBUG - Audio file converted to WAV format
2025-03-29 18:08:47,156 - main - INFO - Calculating the gain needed for the audio: 8.070313172540725 dB
2025-03-29 18:08:55,826 - main - DEBUG - waveform shape: (68520786,)
2025-03-29 18:08:55,826 - main - DEBUG - waveform in np ndarray, dtype=float32
2025-03-29 18:08:55,826 - main - INFO - Preprocessing completed in 36.18 seconds
2025-03-29 18:08:55,863 - main - DEBUG - Entering the preprocessing of audio
2025-03-29 18:09:01,187 - main - DEBUG - Audio file converted to WAV format
2025-03-29 18:09:01,458 - main - INFO - Calculating the gain needed for the audio: -4.377394917985782 dB
2025-03-29 18:09:08,686 - main - DEBUG - waveform shape: (77919576,)
2025-03-29 18:09:08,688 - main - DEBUG - waveform in np ndarray, dtype=float32
2025-03-29 18:09:08,688 - main - INFO - Preprocessing completed in 49.02 seconds
2025-03-29 18:09:08,974 - main - INFO - Batch 2 processed in 49.37 seconds
2025-03-29 18:09:15,198 - main - DEBUG - Entering the preprocessing of audio
2025-03-29 18:09:17,505 - main - DEBUG - Audio file converted to WAV format
2025-03-29 18:09:17,629 - main - INFO - Calculating the gain needed for the audio: -3.092205650268326 dB
2025-03-29 18:09:21,067 - main - DEBUG - waveform shape: (30040956,)
2025-03-29 18:09:21,068 - main - DEBUG - waveform in np ndarray, dtype=float32
2025-03-29 18:09:21,068 - main - INFO - Preprocessing completed in 12.07 seconds
2025-03-29 18:09:23,723 - main - DEBUG - Entering the preprocessing of audio
2025-03-29 18:09:26,638 - main - DEBUG - Audio file converted to WAV format
2025-03-29 18:09:26,761 - main - INFO - Calculating the gain needed for the audio: -4.114018175799325 dB
2025-03-29 18:09:30,739 - main - DEBUG - waveform shape: (40452598,)
2025-03-29 18:09:30,739 - main - DEBUG - waveform in np ndarray, dtype=float32
2025-03-29 18:09:30,740 - main - INFO - Preprocessing completed in 21.74 seconds
2025-03-29 18:09:33,782 - main - DEBUG - Entering the preprocessing of audio
2025-03-29 18:09:36,882 - main - DEBUG - Entering the preprocessing of audio
2025-03-29 18:09:39,093 - main - DEBUG - Audio file converted to WAV format
2025-03-29 18:09:39,838 - main - DEBUG - Audio file converted to WAV format
2025-03-29 18:09:39,942 - main - INFO - Calculating the gain needed for the audio: -4.066015995598949 dB
2025-03-29 18:09:40,442 - main - INFO - Calculating the gain needed for the audio: -3.0063723151932393 dB
2025-03-29 18:09:46,153 - main - DEBUG - waveform shape: (49699527,)
2025-03-29 18:09:46,154 - main - DEBUG - waveform in np ndarray, dtype=float32
2025-03-29 18:09:46,154 - main - INFO - Preprocessing completed in 37.15 seconds
2025-03-29 18:09:46,178 - main - DEBUG - waveform shape: (54113733,)
2025-03-29 18:09:46,179 - main - DEBUG - waveform in np ndarray, dtype=float32
2025-03-29 18:09:46,179 - main - INFO - Preprocessing completed in 37.16 seconds
2025-03-29 18:09:46,317 - main - INFO - Batch 3 processed in 37.33 seconds
2025-03-29 18:10:01,395 - main - DEBUG - Entering the preprocessing of audio
2025-03-29 18:10:01,467 - main - DEBUG - Entering the preprocessing of audio
2025-03-29 18:10:11,105 - main - DEBUG - Audio file converted to WAV format
2025-03-29 18:10:11,140 - main - DEBUG - Audio file converted to WAV format
2025-03-29 18:10:11,701 - main - INFO - Calculating the gain needed for the audio: -4.308261141735521 dB
2025-03-29 18:10:11,848 - main - INFO - Calculating the gain needed for the audio: 3.0104780233948425 dB
2025-03-29 18:10:20,040 - main - DEBUG - waveform shape: (90787701,)
2025-03-29 18:10:20,508 - main - DEBUG - waveform in np ndarray, dtype=float32
2025-03-29 18:10:20,508 - main - INFO - Preprocessing completed in 34.13 seconds
2025-03-29 18:10:21,980 - main - DEBUG - waveform shape: (89659211,)
2025-03-29 18:10:21,981 - main - DEBUG - waveform in np ndarray, dtype=float32
2025-03-29 18:10:21,981 - main - INFO - Preprocessing completed in 35.64 seconds
2025-03-29 18:10:25,043 - main - DEBUG - Entering the preprocessing of audio
2025-03-29 18:10:30,726 - main - DEBUG - Audio file converted to WAV format
2025-03-29 18:10:31,049 - main - INFO - Calculating the gain needed for the audio: 6.324869115961199 dB
2025-03-29 18:10:36,749 - main - DEBUG - waveform shape: (99461469,)
2025-03-29 18:10:36,749 - main - DEBUG - waveform in np ndarray, dtype=float32
2025-03-29 18:10:36,750 - main - INFO - Preprocessing completed in 50.42 seconds
2025-03-29 18:10:53,403 - main - DEBUG - Entering the preprocessing of audio
2025-03-29 18:11:05,522 - main - DEBUG - Audio file converted to WAV format
2025-03-29 18:11:06,270 - main - INFO - Calculating the gain needed for the audio: 4.5306065859598235 dB
2025-03-29 18:11:33,804 - main - DEBUG - waveform shape: (217967387,)
2025-03-29 18:11:33,805 - main - DEBUG - waveform in np ndarray, dtype=float32
2025-03-29 18:11:33,805 - main - INFO - Preprocessing completed in 107.47 seconds
2025-03-29 18:11:34,084 - main - INFO - Batch 4 processed in 107.77 seconds
2025-03-29 18:11:36,891 - main - DEBUG - Entering the preprocessing of audio
2025-03-29 18:11:37,752 - main - DEBUG - Audio file converted to WAV format
2025-03-29 18:11:37,800 - main - INFO - Calculating the gain needed for the audio: -5.9157967558714315 dB
2025-03-29 18:11:43,936 - main - DEBUG - waveform shape: (12750821,)
2025-03-29 18:11:43,936 - main - DEBUG - waveform in np ndarray, dtype=float32
2025-03-29 18:11:43,937 - main - INFO - Preprocessing completed in 9.81 seconds
2025-03-29 18:11:47,835 - main - DEBUG - Entering the preprocessing of audio
2025-03-29 18:11:49,717 - main - DEBUG - Audio file converted to WAV format
2025-03-29 18:11:49,817 - main - INFO - Calculating the gain needed for the audio: -2.8817194438899705 dB
2025-03-29 18:11:53,770 - main - DEBUG - waveform shape: (32979209,)
2025-03-29 18:11:53,771 - main - DEBUG - waveform in np ndarray, dtype=float32
2025-03-29 18:11:53,771 - main - INFO - Preprocessing completed in 19.50 seconds
2025-03-29 18:11:57,419 - main - DEBUG - Entering the preprocessing of audio
2025-03-29 18:12:00,159 - main - DEBUG - Audio file converted to WAV format
2025-03-29 18:12:00,325 - main - INFO - Calculating the gain needed for the audio: -0.45996233500998684 dB
2025-03-29 18:12:05,428 - main - DEBUG - waveform shape: (55065287,)
2025-03-29 18:12:05,428 - main - DEBUG - waveform in np ndarray, dtype=float32
2025-03-29 18:12:05,428 - main - INFO - Preprocessing completed in 31.05 seconds
2025-03-29 18:12:05,613 - main - INFO - Batch 5 processed in 31.53 seconds
