2025-03-29 18:30:11,778 - main - INFO - ENV: CUDA_VISIBLE_DEVICES not set, use default setting
2025-03-29 18:30:11,814 - main - DEBUG - Torch CUDA: Detected 4 GPUs.
2025-03-29 18:30:11,932 - main - DEBUG -  * GPU 0: Tesla V100-PCIE-32GB
2025-03-29 18:30:11,933 - main - DEBUG -  * GPU 1: Tesla V100-PCIE-32GB
2025-03-29 18:30:11,933 - main - DEBUG -  * GPU 2: Tesla V100-PCIE-32GB
2025-03-29 18:30:11,933 - main - DEBUG -  * GPU 3: Tesla V100-SXM2-32GB
2025-03-29 18:30:11,934 - main - DEBUG - Torch: CUDNN version = 90100
2025-03-29 18:30:11,934 - main - DEBUG - Torch: CUDNN is available.
2025-03-29 18:30:11,934 - main - DEBUG - ORT: Available providers: ['AzureExecutionProvider', 'CPUExecutionProvider']
2025-03-29 18:30:11,934 - main - WARNING - ORT: CUDAExecutionProvider is not available. Please install a compatible version of ONNX Runtime. See https://onnxruntime.ai/docs/execution-providers/CUDA-ExecutionProvider.html
2025-03-29 18:30:13,529 - main - DEBUG - Entering the preprocessing of audio
2025-03-29 18:30:14,047 - main - DEBUG - Audio file converted to WAV format
2025-03-29 18:30:14,084 - main - INFO - Calculating the gain needed for the audio: -5.438793727847845 dB
2025-03-29 18:30:14,216 - main - DEBUG - waveform shape: (11873385,)
2025-03-29 18:30:14,216 - main - DEBUG - waveform in np ndarray, dtype=float32
2025-03-29 18:30:14,216 - main - INFO - Preprocessing completed in 2.28 seconds
2025-03-29 18:30:14,648 - main - DEBUG - Entering the preprocessing of audio
2025-03-29 18:30:15,277 - main - DEBUG - Audio file converted to WAV format
2025-03-29 18:30:15,317 - main - INFO - Calculating the gain needed for the audio: 8.083748426013049 dB
2025-03-29 18:30:15,448 - main - DEBUG - waveform shape: (12682833,)
2025-03-29 18:30:15,449 - main - DEBUG - waveform in np ndarray, dtype=float32
2025-03-29 18:30:15,449 - main - INFO - Preprocessing completed in 3.51 seconds
2025-03-29 18:30:17,588 - main - DEBUG - Entering the preprocessing of audio
2025-03-29 18:30:19,053 - main - DEBUG - Audio file converted to WAV format
2025-03-29 18:30:19,164 - main - INFO - Calculating the gain needed for the audio: -2.938601701130594 dB
2025-03-29 18:30:19,548 - main - DEBUG - waveform shape: (27204608,)
2025-03-29 18:30:19,548 - main - DEBUG - waveform in np ndarray, dtype=float32
2025-03-29 18:30:19,548 - main - INFO - Preprocessing completed in 7.61 seconds
2025-03-29 18:30:52,938 - main - DEBUG - Entering the preprocessing of audio
2025-03-29 18:31:15,008 - main - DEBUG - Audio file converted to WAV format
2025-03-29 18:31:16,320 - main - INFO - Calculating the gain needed for the audio: -2.228069594140159 dB
2025-03-29 18:31:59,786 - main - DEBUG - waveform shape: (287886664,)
2025-03-29 18:31:59,787 - main - DEBUG - waveform in np ndarray, dtype=float32
2025-03-29 18:31:59,787 - main - INFO - Preprocessing completed in 107.85 seconds
2025-03-29 18:31:59,936 - main - INFO - Batch 1 processed in 108.00 seconds
2025-03-29 18:31:59,937 - main - INFO - Loading diarization model...
2025-03-29 18:32:04,390 - main - ERROR - Error processing audio: 
Audio files can be provided to the Audio class using different types:
    - a "str" or "Path" instance: "audio.wav" or Path("audio.wav")
    - a "IOBase" instance with "read" and "seek" support: open("audio.wav", "rb")
    - a "Mapping" with any of the above as "audio" key: {"audio": ...}
    - a "Mapping" with both "waveform" and "sample_rate" key:
        {"waveform": (channel, time) torch.Tensor, "sample_rate": 44100}

For last two options, an additional "channel" key can be provided as a zero-indexed
integer to load a specific channel: {"audio": "stereo.wav", "channel": 0}

2025-03-29 18:32:04,392 - main - ERROR - Error processing audio: 
Audio files can be provided to the Audio class using different types:
    - a "str" or "Path" instance: "audio.wav" or Path("audio.wav")
    - a "IOBase" instance with "read" and "seek" support: open("audio.wav", "rb")
    - a "Mapping" with any of the above as "audio" key: {"audio": ...}
    - a "Mapping" with both "waveform" and "sample_rate" key:
        {"waveform": (channel, time) torch.Tensor, "sample_rate": 44100}

For last two options, an additional "channel" key can be provided as a zero-indexed
integer to load a specific channel: {"audio": "stereo.wav", "channel": 0}

2025-03-29 18:32:04,392 - main - ERROR - Error processing audio: 
Audio files can be provided to the Audio class using different types:
    - a "str" or "Path" instance: "audio.wav" or Path("audio.wav")
    - a "IOBase" instance with "read" and "seek" support: open("audio.wav", "rb")
    - a "Mapping" with any of the above as "audio" key: {"audio": ...}
    - a "Mapping" with both "waveform" and "sample_rate" key:
        {"waveform": (channel, time) torch.Tensor, "sample_rate": 44100}

For last two options, an additional "channel" key can be provided as a zero-indexed
integer to load a specific channel: {"audio": "stereo.wav", "channel": 0}

2025-03-29 18:32:04,392 - main - ERROR - Error processing audio: 
Audio files can be provided to the Audio class using different types:
    - a "str" or "Path" instance: "audio.wav" or Path("audio.wav")
    - a "IOBase" instance with "read" and "seek" support: open("audio.wav", "rb")
    - a "Mapping" with any of the above as "audio" key: {"audio": ...}
    - a "Mapping" with both "waveform" and "sample_rate" key:
        {"waveform": (channel, time) torch.Tensor, "sample_rate": 44100}

For last two options, an additional "channel" key can be provided as a zero-indexed
integer to load a specific channel: {"audio": "stereo.wav", "channel": 0}

2025-03-29 18:32:04,393 - main - INFO - Diarization model cleared from GPU memory
2025-03-29 18:32:09,022 - main - DEBUG - Entering the preprocessing of audio
2025-03-29 18:32:10,236 - main - DEBUG - Audio file converted to WAV format
2025-03-29 18:32:10,314 - main - INFO - Calculating the gain needed for the audio: -1.2980945229374754 dB
2025-03-29 18:32:15,347 - main - DEBUG - waveform shape: (24663215,)
2025-03-29 18:32:15,348 - main - DEBUG - waveform in np ndarray, dtype=float32
2025-03-29 18:32:15,349 - main - INFO - Preprocessing completed in 10.95 seconds
2025-03-29 18:32:17,389 - main - DEBUG - Entering the preprocessing of audio
2025-03-29 18:32:19,139 - main - DEBUG - Audio file converted to WAV format
2025-03-29 18:32:19,289 - main - INFO - Calculating the gain needed for the audio: 0.6087744076228958 dB
2025-03-29 18:32:22,123 - main - DEBUG - waveform shape: (37051246,)
2025-03-29 18:32:22,124 - main - DEBUG - waveform in np ndarray, dtype=float32
2025-03-29 18:32:22,124 - main - INFO - Preprocessing completed in 17.73 seconds
2025-03-29 18:32:26,202 - main - DEBUG - Entering the preprocessing of audio
2025-03-29 18:32:29,553 - main - DEBUG - Audio file converted to WAV format
2025-03-29 18:32:29,767 - main - INFO - Calculating the gain needed for the audio: 8.070313172540725 dB
2025-03-29 18:32:38,596 - main - DEBUG - waveform shape: (68520786,)
2025-03-29 18:32:38,597 - main - DEBUG - waveform in np ndarray, dtype=float32
2025-03-29 18:32:38,597 - main - INFO - Preprocessing completed in 34.20 seconds
2025-03-29 18:32:40,312 - main - DEBUG - Entering the preprocessing of audio
2025-03-29 18:32:44,213 - main - DEBUG - Audio file converted to WAV format
2025-03-29 18:32:44,480 - main - INFO - Calculating the gain needed for the audio: -4.377394917985782 dB
2025-03-29 18:32:53,963 - main - DEBUG - waveform shape: (77919576,)
2025-03-29 18:32:53,964 - main - DEBUG - waveform in np ndarray, dtype=float32
2025-03-29 18:32:53,964 - main - INFO - Preprocessing completed in 49.57 seconds
2025-03-29 18:32:54,177 - main - INFO - Batch 2 processed in 49.78 seconds
2025-03-29 18:32:54,178 - main - INFO - Loading diarization model...
2025-03-29 18:32:55,726 - main - ERROR - Error processing audio: 
Audio files can be provided to the Audio class using different types:
    - a "str" or "Path" instance: "audio.wav" or Path("audio.wav")
    - a "IOBase" instance with "read" and "seek" support: open("audio.wav", "rb")
    - a "Mapping" with any of the above as "audio" key: {"audio": ...}
    - a "Mapping" with both "waveform" and "sample_rate" key:
        {"waveform": (channel, time) torch.Tensor, "sample_rate": 44100}

For last two options, an additional "channel" key can be provided as a zero-indexed
integer to load a specific channel: {"audio": "stereo.wav", "channel": 0}

2025-03-29 18:32:55,726 - main - ERROR - Error processing audio: 
Audio files can be provided to the Audio class using different types:
    - a "str" or "Path" instance: "audio.wav" or Path("audio.wav")
    - a "IOBase" instance with "read" and "seek" support: open("audio.wav", "rb")
    - a "Mapping" with any of the above as "audio" key: {"audio": ...}
    - a "Mapping" with both "waveform" and "sample_rate" key:
        {"waveform": (channel, time) torch.Tensor, "sample_rate": 44100}

For last two options, an additional "channel" key can be provided as a zero-indexed
integer to load a specific channel: {"audio": "stereo.wav", "channel": 0}

2025-03-29 18:32:55,726 - main - ERROR - Error processing audio: 
Audio files can be provided to the Audio class using different types:
    - a "str" or "Path" instance: "audio.wav" or Path("audio.wav")
    - a "IOBase" instance with "read" and "seek" support: open("audio.wav", "rb")
    - a "Mapping" with any of the above as "audio" key: {"audio": ...}
    - a "Mapping" with both "waveform" and "sample_rate" key:
        {"waveform": (channel, time) torch.Tensor, "sample_rate": 44100}

For last two options, an additional "channel" key can be provided as a zero-indexed
integer to load a specific channel: {"audio": "stereo.wav", "channel": 0}

2025-03-29 18:32:55,726 - main - ERROR - Error processing audio: 
Audio files can be provided to the Audio class using different types:
    - a "str" or "Path" instance: "audio.wav" or Path("audio.wav")
    - a "IOBase" instance with "read" and "seek" support: open("audio.wav", "rb")
    - a "Mapping" with any of the above as "audio" key: {"audio": ...}
    - a "Mapping" with both "waveform" and "sample_rate" key:
        {"waveform": (channel, time) torch.Tensor, "sample_rate": 44100}

For last two options, an additional "channel" key can be provided as a zero-indexed
integer to load a specific channel: {"audio": "stereo.wav", "channel": 0}

2025-03-29 18:32:55,726 - main - INFO - Diarization model cleared from GPU memory
2025-03-29 18:33:00,409 - main - DEBUG - Entering the preprocessing of audio
2025-03-29 18:33:01,873 - main - DEBUG - Audio file converted to WAV format
2025-03-29 18:33:01,969 - main - INFO - Calculating the gain needed for the audio: -3.092205650268326 dB
2025-03-29 18:33:02,316 - main - DEBUG - waveform shape: (30040956,)
2025-03-29 18:33:02,317 - main - DEBUG - waveform in np ndarray, dtype=float32
2025-03-29 18:33:02,317 - main - INFO - Preprocessing completed in 6.59 seconds
2025-03-29 18:33:04,365 - main - DEBUG - Entering the preprocessing of audio
2025-03-29 18:33:06,745 - main - DEBUG - Audio file converted to WAV format
2025-03-29 18:33:06,864 - main - INFO - Calculating the gain needed for the audio: -4.114018175799325 dB
2025-03-29 18:33:07,550 - main - DEBUG - waveform shape: (40452598,)
2025-03-29 18:33:07,551 - main - DEBUG - waveform in np ndarray, dtype=float32
2025-03-29 18:33:07,551 - main - INFO - Preprocessing completed in 11.82 seconds
2025-03-29 18:33:10,785 - main - DEBUG - Entering the preprocessing of audio
2025-03-29 18:33:10,785 - main - DEBUG - Entering the preprocessing of audio
2025-03-29 18:33:16,000 - main - DEBUG - Audio file converted to WAV format
2025-03-29 18:33:16,019 - main - DEBUG - Audio file converted to WAV format
2025-03-29 18:33:16,350 - main - INFO - Calculating the gain needed for the audio: -4.066015995598949 dB
2025-03-29 18:33:16,450 - main - INFO - Calculating the gain needed for the audio: -3.0063723151932393 dB
2025-03-29 18:33:24,129 - main - DEBUG - waveform shape: (49699527,)
2025-03-29 18:33:24,130 - main - DEBUG - waveform in np ndarray, dtype=float32
2025-03-29 18:33:24,130 - main - INFO - Preprocessing completed in 28.40 seconds
2025-03-29 18:33:27,335 - main - DEBUG - waveform shape: (54113733,)
2025-03-29 18:33:27,335 - main - DEBUG - waveform in np ndarray, dtype=float32
2025-03-29 18:33:27,335 - main - INFO - Preprocessing completed in 31.60 seconds
2025-03-29 18:33:27,382 - main - INFO - Batch 3 processed in 31.65 seconds
2025-03-29 18:33:27,382 - main - INFO - Loading diarization model...
2025-03-29 18:33:30,092 - main - ERROR - Error processing audio: 
Audio files can be provided to the Audio class using different types:
    - a "str" or "Path" instance: "audio.wav" or Path("audio.wav")
    - a "IOBase" instance with "read" and "seek" support: open("audio.wav", "rb")
    - a "Mapping" with any of the above as "audio" key: {"audio": ...}
    - a "Mapping" with both "waveform" and "sample_rate" key:
        {"waveform": (channel, time) torch.Tensor, "sample_rate": 44100}

For last two options, an additional "channel" key can be provided as a zero-indexed
integer to load a specific channel: {"audio": "stereo.wav", "channel": 0}

2025-03-29 18:33:30,093 - main - ERROR - Error processing audio: 
Audio files can be provided to the Audio class using different types:
    - a "str" or "Path" instance: "audio.wav" or Path("audio.wav")
    - a "IOBase" instance with "read" and "seek" support: open("audio.wav", "rb")
    - a "Mapping" with any of the above as "audio" key: {"audio": ...}
    - a "Mapping" with both "waveform" and "sample_rate" key:
        {"waveform": (channel, time) torch.Tensor, "sample_rate": 44100}

For last two options, an additional "channel" key can be provided as a zero-indexed
integer to load a specific channel: {"audio": "stereo.wav", "channel": 0}

2025-03-29 18:33:30,093 - main - ERROR - Error processing audio: 
Audio files can be provided to the Audio class using different types:
    - a "str" or "Path" instance: "audio.wav" or Path("audio.wav")
    - a "IOBase" instance with "read" and "seek" support: open("audio.wav", "rb")
    - a "Mapping" with any of the above as "audio" key: {"audio": ...}
    - a "Mapping" with both "waveform" and "sample_rate" key:
        {"waveform": (channel, time) torch.Tensor, "sample_rate": 44100}

For last two options, an additional "channel" key can be provided as a zero-indexed
integer to load a specific channel: {"audio": "stereo.wav", "channel": 0}

2025-03-29 18:33:30,093 - main - ERROR - Error processing audio: 
Audio files can be provided to the Audio class using different types:
    - a "str" or "Path" instance: "audio.wav" or Path("audio.wav")
    - a "IOBase" instance with "read" and "seek" support: open("audio.wav", "rb")
    - a "Mapping" with any of the above as "audio" key: {"audio": ...}
    - a "Mapping" with both "waveform" and "sample_rate" key:
        {"waveform": (channel, time) torch.Tensor, "sample_rate": 44100}

For last two options, an additional "channel" key can be provided as a zero-indexed
integer to load a specific channel: {"audio": "stereo.wav", "channel": 0}

2025-03-29 18:33:30,093 - main - INFO - Diarization model cleared from GPU memory
2025-03-29 18:33:42,744 - main - DEBUG - Entering the preprocessing of audio
2025-03-29 18:33:47,408 - main - DEBUG - Audio file converted to WAV format
2025-03-29 18:33:47,664 - main - INFO - Calculating the gain needed for the audio: -4.308261141735521 dB
2025-03-29 18:34:11,156 - main - DEBUG - waveform shape: (89659211,)
2025-03-29 18:34:11,161 - main - DEBUG - waveform in np ndarray, dtype=float32
2025-03-29 18:34:11,162 - main - INFO - Preprocessing completed in 41.06 seconds
2025-03-29 18:34:11,321 - main - DEBUG - Entering the preprocessing of audio
2025-03-29 18:34:18,303 - main - DEBUG - Audio file converted to WAV format
2025-03-29 18:34:18,697 - main - INFO - Calculating the gain needed for the audio: 3.0104780233948425 dB
2025-03-29 18:34:39,064 - main - DEBUG - waveform shape: (90787701,)
2025-03-29 18:34:39,191 - main - DEBUG - waveform in np ndarray, dtype=float32
2025-03-29 18:34:39,191 - main - INFO - Preprocessing completed in 69.06 seconds
2025-03-29 18:34:39,259 - main - DEBUG - Entering the preprocessing of audio
2025-03-29 18:34:47,478 - main - DEBUG - Audio file converted to WAV format
2025-03-29 18:34:47,866 - main - INFO - Calculating the gain needed for the audio: 6.324869115961199 dB
2025-03-29 18:35:06,614 - main - DEBUG - waveform shape: (99461469,)
2025-03-29 18:35:06,615 - main - DEBUG - waveform in np ndarray, dtype=float32
2025-03-29 18:35:06,615 - main - INFO - Preprocessing completed in 96.52 seconds
2025-03-29 18:35:25,937 - main - DEBUG - Entering the preprocessing of audio
2025-03-29 18:35:37,902 - main - DEBUG - Audio file converted to WAV format
2025-03-29 18:35:38,744 - main - INFO - Calculating the gain needed for the audio: 4.5306065859598235 dB
2025-03-29 18:36:17,608 - main - DEBUG - waveform shape: (217967387,)
2025-03-29 18:36:17,616 - main - DEBUG - waveform in np ndarray, dtype=float32
2025-03-29 18:36:17,616 - main - INFO - Preprocessing completed in 167.52 seconds
2025-03-29 18:36:17,741 - main - INFO - Batch 4 processed in 167.65 seconds
2025-03-29 18:36:17,741 - main - INFO - Loading diarization model...
2025-03-29 18:36:19,994 - main - ERROR - Error processing audio: 
Audio files can be provided to the Audio class using different types:
    - a "str" or "Path" instance: "audio.wav" or Path("audio.wav")
    - a "IOBase" instance with "read" and "seek" support: open("audio.wav", "rb")
    - a "Mapping" with any of the above as "audio" key: {"audio": ...}
    - a "Mapping" with both "waveform" and "sample_rate" key:
        {"waveform": (channel, time) torch.Tensor, "sample_rate": 44100}

For last two options, an additional "channel" key can be provided as a zero-indexed
integer to load a specific channel: {"audio": "stereo.wav", "channel": 0}

2025-03-29 18:36:19,994 - main - ERROR - Error processing audio: 
Audio files can be provided to the Audio class using different types:
    - a "str" or "Path" instance: "audio.wav" or Path("audio.wav")
    - a "IOBase" instance with "read" and "seek" support: open("audio.wav", "rb")
    - a "Mapping" with any of the above as "audio" key: {"audio": ...}
    - a "Mapping" with both "waveform" and "sample_rate" key:
        {"waveform": (channel, time) torch.Tensor, "sample_rate": 44100}

For last two options, an additional "channel" key can be provided as a zero-indexed
integer to load a specific channel: {"audio": "stereo.wav", "channel": 0}

2025-03-29 18:36:19,994 - main - ERROR - Error processing audio: 
Audio files can be provided to the Audio class using different types:
    - a "str" or "Path" instance: "audio.wav" or Path("audio.wav")
    - a "IOBase" instance with "read" and "seek" support: open("audio.wav", "rb")
    - a "Mapping" with any of the above as "audio" key: {"audio": ...}
    - a "Mapping" with both "waveform" and "sample_rate" key:
        {"waveform": (channel, time) torch.Tensor, "sample_rate": 44100}

For last two options, an additional "channel" key can be provided as a zero-indexed
integer to load a specific channel: {"audio": "stereo.wav", "channel": 0}

2025-03-29 18:36:19,995 - main - ERROR - Error processing audio: 
Audio files can be provided to the Audio class using different types:
    - a "str" or "Path" instance: "audio.wav" or Path("audio.wav")
    - a "IOBase" instance with "read" and "seek" support: open("audio.wav", "rb")
    - a "Mapping" with any of the above as "audio" key: {"audio": ...}
    - a "Mapping" with both "waveform" and "sample_rate" key:
        {"waveform": (channel, time) torch.Tensor, "sample_rate": 44100}

For last two options, an additional "channel" key can be provided as a zero-indexed
integer to load a specific channel: {"audio": "stereo.wav", "channel": 0}

2025-03-29 18:36:19,995 - main - INFO - Diarization model cleared from GPU memory
2025-03-29 18:36:22,070 - main - DEBUG - Entering the preprocessing of audio
2025-03-29 18:36:22,610 - main - DEBUG - Audio file converted to WAV format
2025-03-29 18:36:22,649 - main - INFO - Calculating the gain needed for the audio: -5.9157967558714315 dB
2025-03-29 18:36:22,800 - main - DEBUG - waveform shape: (12750821,)
2025-03-29 18:36:22,800 - main - DEBUG - waveform in np ndarray, dtype=float32
2025-03-29 18:36:22,800 - main - INFO - Preprocessing completed in 2.81 seconds
2025-03-29 18:36:26,074 - main - DEBUG - Entering the preprocessing of audio
2025-03-29 18:36:27,873 - main - DEBUG - Audio file converted to WAV format
2025-03-29 18:36:27,978 - main - INFO - Calculating the gain needed for the audio: -2.8817194438899705 dB
2025-03-29 18:36:36,278 - main - DEBUG - waveform shape: (32979209,)
2025-03-29 18:36:36,278 - main - DEBUG - waveform in np ndarray, dtype=float32
2025-03-29 18:36:36,279 - main - INFO - Preprocessing completed in 16.28 seconds
2025-03-29 18:36:39,679 - main - DEBUG - Entering the preprocessing of audio
2025-03-29 18:36:42,477 - main - DEBUG - Audio file converted to WAV format
2025-03-29 18:36:42,697 - main - INFO - Calculating the gain needed for the audio: -0.45996233500998684 dB
2025-03-29 18:36:47,576 - main - DEBUG - waveform shape: (55065287,)
2025-03-29 18:36:47,577 - main - DEBUG - waveform in np ndarray, dtype=float32
2025-03-29 18:36:47,577 - main - INFO - Preprocessing completed in 27.57 seconds
2025-03-29 18:36:47,604 - main - INFO - Batch 5 processed in 27.61 seconds
2025-03-29 18:36:47,604 - main - INFO - Loading diarization model...
2025-03-29 18:36:49,371 - main - ERROR - Error processing audio: 
Audio files can be provided to the Audio class using different types:
    - a "str" or "Path" instance: "audio.wav" or Path("audio.wav")
    - a "IOBase" instance with "read" and "seek" support: open("audio.wav", "rb")
    - a "Mapping" with any of the above as "audio" key: {"audio": ...}
    - a "Mapping" with both "waveform" and "sample_rate" key:
        {"waveform": (channel, time) torch.Tensor, "sample_rate": 44100}

For last two options, an additional "channel" key can be provided as a zero-indexed
integer to load a specific channel: {"audio": "stereo.wav", "channel": 0}

2025-03-29 18:36:49,371 - main - ERROR - Error processing audio: 
Audio files can be provided to the Audio class using different types:
    - a "str" or "Path" instance: "audio.wav" or Path("audio.wav")
    - a "IOBase" instance with "read" and "seek" support: open("audio.wav", "rb")
    - a "Mapping" with any of the above as "audio" key: {"audio": ...}
    - a "Mapping" with both "waveform" and "sample_rate" key:
        {"waveform": (channel, time) torch.Tensor, "sample_rate": 44100}

For last two options, an additional "channel" key can be provided as a zero-indexed
integer to load a specific channel: {"audio": "stereo.wav", "channel": 0}

2025-03-29 18:36:49,372 - main - ERROR - Error processing audio: 
Audio files can be provided to the Audio class using different types:
    - a "str" or "Path" instance: "audio.wav" or Path("audio.wav")
    - a "IOBase" instance with "read" and "seek" support: open("audio.wav", "rb")
    - a "Mapping" with any of the above as "audio" key: {"audio": ...}
    - a "Mapping" with both "waveform" and "sample_rate" key:
        {"waveform": (channel, time) torch.Tensor, "sample_rate": 44100}

For last two options, an additional "channel" key can be provided as a zero-indexed
integer to load a specific channel: {"audio": "stereo.wav", "channel": 0}

2025-03-29 18:36:49,372 - main - INFO - Diarization model cleared from GPU memory
